#
# A fatal error has been detected by the Java Runtime Environment:
#
#  SIGSEGV (0xb) at pc=0x00007fff989080dd, pid=3838, tid=1811
#
# JRE version: 7.0_25-b15
# Java VM: Java HotSpot(TM) 64-Bit Server VM (23.25-b01 mixed mode bsd-amd64 compressed oops)
# Problematic frame:
# C  [libobjc.A.dylib+0x10dd]  objc_msgSend+0x1d
#
# Failed to write core dump. Core dumps have been disabled. To enable core dumping, try "ulimit -c unlimited" before starting Java again
#
# If you would like to submit a bug report, please visit:
#   http://bugreport.sun.com/bugreport/crash.jsp
# The crash happened outside the Java Virtual Machine in native code.
# See problematic frame for where to report the bug.
#

---------------  T H R E A D  ---------------

Current thread (0x00007fa81d840000):  JavaThread "AppKit Thread" daemon [_thread_in_native, id=1811, stack(0x00007fff53e25000,0x00007fff53ea5000)]

siginfo:si_signo=SIGSEGV: si_errno=0, si_code=1 (SEGV_MAPERR), si_addr=0x0000000000000018

Registers:
RAX=0x00007fa81bc83b00, RBX=0x00007fff53ea0858, RCX=0x0000000000000000, RDX=0x00007fa81e5463a0
RSP=0x00007fff53ea0678, RBP=0x00007fff53ea0680, RSI=0x00007fff94a90be4, RDI=0x00007fa81bc83b00
R8 =0x00007fff53ea0660, R9 =0x000000000000009a, R10=0x00007fff94a90be4, R11=0x0000000000000000
R12=0x00007fa81bd0b800, R13=0x00000000000f43ba, R14=0x00007fa81e511470, R15=0x00007fff53ea07b8
RIP=0x00007fff989080dd, EFLAGS=0x0000000000010246, ERR=0x0000000000000004
  TRAPNO=0x000000000000000e

Top of Stack: (sp=0x00007fff53ea0678)
0x00007fff53ea0678:   00007fff98dcbcbc 00007fff53ea09e0
0x00007fff53ea0688:   00007fff98cbd1b4 00007fff53ea070c
0x00007fff53ea0698:   00007fff53ea0710 00007fff53ea0714
0x00007fff53ea06a8:   00007fff7d9f4b48 ffffffffffffffff
0x00007fff53ea06b8:   0000000000000e70 00007fff7d9f4b60
0x00007fff53ea06c8:   00007fa81e511470 0000000000000000
0x00007fff53ea06d8:   00007fff53ea07b0 0000000000000000
0x00007fff53ea06e8:   00007fa81bd22290 00007fff53ea0830
0x00007fff53ea06f8:   000000000000009a 00000000000f43bc
0x00007fff53ea0708:   00007fa81e5463a0 00007fa81bc85b70
0x00007fff53ea0718:   00007fa81bd0b800 0000000000000001
0x00007fff53ea0728:   00000000000f43ba 00007fa81bd0b7f0
0x00007fff53ea0738:   00007fff9002b109 000000011c15c890
0x00007fff53ea0748:   00007fff7f3750d0 0000000042000000
0x00007fff53ea0758:   00007fff900336a3 00007fff7d9bf1d0
0x00007fff53ea0768:   00007fff53ea0838 00007fff53ea0790
0x00007fff53ea0778:   00007fff53ea07b0 0000000000000000
0x00007fff53ea0788:   000000000000000a 0008390300000001
0x00007fff53ea0798:   00007fa81bd0b824 0000000000000000
0x00007fff53ea07a8:   0000000000000000 00007fa81bc86080
0x00007fff53ea07b8:   00007fa81e511470 0000002000000000
0x00007fff53ea07c8:   0000000000000000 00007fff7f3750d0
0x00007fff53ea07d8:   0000000042000000 00007fff9016b99f
0x00007fff53ea07e8:   00007fff7d9bf2e0 00007fff53ea0748
0x00007fff53ea07f8:   0000000000000000 00007fff53ea08c8
0x00007fff53ea0808:   00007fff7e253560 00007fff53ea0900
0x00007fff53ea0818:   00007fff97abcedc 00007fff53ea08b0
0x00007fff53ea0828:   00007fff9456cdbc 000000000000006b
0x00007fff53ea0838:   0000000000000000 00000000000f43b2
0x00007fff53ea0848:   000000000000006d 0000000000000000
0x00007fff53ea0858:   00000000000f43ba 00007fff53ea08d4
0x00007fff53ea0868:   000000000067fa01 00000000ffffffff 

Instructions: (pc=0x00007fff989080dd)
0x00007fff989080bd:   00 00 00 48 85 ff 2e 74 7a 40 f6 c7 01 2e 75 7e
0x00007fff989080cd:   49 bb f8 ff ff ff ff 7f 00 00 4c 23 1f 49 89 f2
0x00007fff989080dd:   45 23 53 18 49 c1 e2 04 4d 03 53 10 49 3b 32 75
0x00007fff989080ed:   04 41 ff 62 08 49 83 3a 00 74 6a 4d 3b 53 10 74 

Register to memory mapping:

RAX=0x00007fa81bc83b00 is an unknown value
RBX=0x00007fff53ea0858 is pointing into the stack for thread: 0x00007fa81d840000
RCX=0x0000000000000000 is an unknown value
RDX=0x00007fa81e5463a0 is an unknown value
RSP=0x00007fff53ea0678 is pointing into the stack for thread: 0x00007fa81d840000
RBP=0x00007fff53ea0680 is pointing into the stack for thread: 0x00007fa81d840000
RSI=0x00007fff94a90be4: -[NSTitlebarContainerView shouldRoundCorners]+0x5c646 in /System/Library/Frameworks/AppKit.framework/Versions/C/AppKit at 0x00007fff940c7000
RDI=0x00007fa81bc83b00 is an unknown value
R8 =0x00007fff53ea0660 is pointing into the stack for thread: 0x00007fa81d840000
R9 =0x000000000000009a is an unknown value
R10=0x00007fff94a90be4: -[NSTitlebarContainerView shouldRoundCorners]+0x5c646 in /System/Library/Frameworks/AppKit.framework/Versions/C/AppKit at 0x00007fff940c7000
R11=0x0000000000000000 is an unknown value
R12=0x00007fa81bd0b800 is an unknown value
R13=0x00000000000f43ba is an unknown value
R14=0x00007fa81e511470 is an unknown value
R15=0x00007fff53ea07b8 is pointing into the stack for thread: 0x00007fa81d840000


Stack: [0x00007fff53e25000,0x00007fff53ea5000],  sp=0x00007fff53ea0678,  free space=493k
Native frames: (J=compiled Java code, j=interpreted, Vv=VM code, C=native code)
C  [libobjc.A.dylib+0x10dd]  objc_msgSend+0x1d
C  [CoreFoundation+0x101b4]  _CFXNotificationPost+0xc44
C  [Foundation+0x2ea1]  -[NSNotificationCenter postNotificationName:object:userInfo:]+0x42
C  [AppKit+0xddb36]  -[NSSurface _disposeSurface]+0x98
C  [AppKit+0xdd59a]  -[NSSurface setWindow:]+0x42
C  [AppKit+0x3c00c]  -[NSView _setWindow:]+0x98f
C  [AppKit+0x3d262]  -[NSView removeFromSuperview]+0x1c5
C  [AppKit+0x918ca]  -[NSView removeFromSuperviewWithoutNeedingDisplay]+0x26
C  [liblwjgl.jnilib+0x9c3e]  +[MacOSXKeyableWindow destroyWindow]+0xde
C  [Foundation+0x65f4c]  __NSThreadPerformPerform+0x125
C  [CoreFoundation+0x80661]  __CFRUNLOOP_IS_CALLING_OUT_TO_A_SOURCE0_PERFORM_FUNCTION__+0x11
C  [CoreFoundation+0x727ed]  __CFRunLoopDoSources0+0x10d
C  [CoreFoundation+0x71e1f]  __CFRunLoopRun+0x39f
C  [CoreFoundation+0x71838]  CFRunLoopRunSpecific+0x128
C  [HIToolbox+0x2e43f]  RunCurrentEventLoopInMode+0xeb
C  [HIToolbox+0x2e1ba]  ReceiveNextEventCommon+0x1af
C  [HIToolbox+0x2dffb]  _BlockUntilNextEventMatchingListInModeWithFilter+0x47
C  [AppKit+0x246d1]  _DPSNextEvent+0x3c4
C  [AppKit+0x23e80]  -[NSApplication nextEventMatchingMask:untilDate:inMode:dequeue:]+0xc2
C  [libosxapp.dylib+0x1b56]  -[NSApplicationAWT nextEventMatchingMask:untilDate:inMode:dequeue:]+0x7c
C  [AppKit+0x17e23]  -[NSApplication run]+0x252
C  [libosxapp.dylib+0x19b9]  +[NSApplicationAWT runAWTLoopWithApp:]+0x9c
C  [liblwawt.dylib+0xe13e]  -[AWTStarter starter:]+0x637
C  [Foundation+0x65f4c]  __NSThreadPerformPerform+0x125
C  [CoreFoundation+0x80661]  __CFRUNLOOP_IS_CALLING_OUT_TO_A_SOURCE0_PERFORM_FUNCTION__+0x11
C  [CoreFoundation+0x727ed]  __CFRunLoopDoSources0+0x10d
C  [CoreFoundation+0x71e1f]  __CFRunLoopRun+0x39f
C  [CoreFoundation+0x71838]  CFRunLoopRunSpecific+0x128
C  [java+0x742d]  CreateExecutionEnvironment+0x367
C  [java+0x1bdc]  JLI_Launch+0x7a0
C  [java+0x778a]  main+0x65
C  [java+0x1434]  start+0x34


---------------  P R O C E S S  ---------------

Java Threads: ( => current thread )
  0x00007fa81c907800 JavaThread "TimerQueue" daemon [_thread_blocked, id=46091, stack(0x0000000119613000,0x0000000119713000)]
  0x00007fa81d957000 JavaThread "AWT-EventQueue-0" [_thread_blocked, id=46459, stack(0x0000000117d7c000,0x0000000117e7c000)]
  0x00007fa81c8a4000 JavaThread "Java2D Disposer" daemon [_thread_blocked, id=44819, stack(0x00000001171cd000,0x00000001172cd000)]
  0x00007fa81c08c800 JavaThread "Java2D Queue Flusher" daemon [_thread_blocked, id=43527, stack(0x000000011684f000,0x000000011694f000)]
  0x00007fa81c853000 JavaThread "AWT-Shutdown" [_thread_blocked, id=15367, stack(0x0000000112a20000,0x0000000112b20000)]
=>0x00007fa81d840000 JavaThread "AppKit Thread" daemon [_thread_in_native, id=1811, stack(0x00007fff53e25000,0x00007fff53ea5000)]
  0x00007fa81d027000 JavaThread "Service Thread" daemon [_thread_blocked, id=13827, stack(0x000000011257b000,0x000000011267b000)]
  0x00007fa81c045000 JavaThread "C2 CompilerThread1" daemon [_thread_blocked, id=13571, stack(0x0000000112478000,0x0000000112578000)]
  0x00007fa81d026000 JavaThread "C2 CompilerThread0" daemon [_thread_blocked, id=13319, stack(0x0000000112375000,0x0000000112475000)]
  0x00007fa81c807000 JavaThread "Signal Dispatcher" daemon [_thread_blocked, id=10263, stack(0x0000000112272000,0x0000000112372000)]
  0x00007fa81c03d000 JavaThread "Finalizer" daemon [_thread_blocked, id=8707, stack(0x0000000110939000,0x0000000110a39000)]
  0x00007fa81c03c000 JavaThread "Reference Handler" daemon [_thread_blocked, id=8451, stack(0x0000000110836000,0x0000000110936000)]
  0x00007fa81c005800 JavaThread "main" [_thread_in_native, id=4355, stack(0x000000010be71000,0x000000010bf71000)]

Other Threads:
  0x00007fa81c039800 VMThread [stack: 0x0000000110733000,0x0000000110833000] [id=8195]
  0x00007fa81d003000 WatcherThread [stack: 0x000000011267e000,0x000000011277e000] [id=14083]

VM state:not at safepoint (normal execution)

VM Mutex/Monitor currently owned by a thread: None

Heap
 def new generation   total 6592K, used 3318K [0x00000007e5a00000, 0x00000007e6120000, 0x00000007ecb50000)
  eden space 5888K,  44% used [0x00000007e5a00000, 0x00000007e5c8daa8, 0x00000007e5fc0000)
  from space 704K, 100% used [0x00000007e6070000, 0x00000007e6120000, 0x00000007e6120000)
  to   space 704K,   0% used [0x00000007e5fc0000, 0x00000007e5fc0000, 0x00000007e6070000)
 tenured generation   total 14528K, used 9183K [0x00000007ecb50000, 0x00000007ed980000, 0x00000007fae00000)
   the space 14528K,  63% used [0x00000007ecb50000, 0x00000007ed447d50, 0x00000007ed447e00, 0x00000007ed980000)
 compacting perm gen  total 21248K, used 14104K [0x00000007fae00000, 0x00000007fc2c0000, 0x0000000800000000)
   the space 21248K,  66% used [0x00000007fae00000, 0x00000007fbbc6348, 0x00000007fbbc6400, 0x00000007fc2c0000)
No shared spaces configured.

Card table byte_map: [0x0000000110369000,0x000000011043d000] byte_map_base: 0x000000010c43c000

Polling page: 0x000000010bfb0000

Code Cache  [0x000000010d2a9000, 0x000000010d519000, 0x00000001102a9000)
 total_blobs=688 nmethods=153 adapters=487 free_code_cache=48248Kb largest_free_block=49370816

Compilation events (10 events):
Event: 13.247 Thread 0x00007fa81c045000  148   !         org.lwjgl.input.Mouse::getX (17 bytes)
Event: 13.247 Thread 0x00007fa81d026000  147             org.newdawn.slick.Input::getMouseX (16 bytes)
Event: 13.248 Thread 0x00007fa81c045000 nmethod 148 0x000000010d38c450 code [0x000000010d38c5a0, 0x000000010d38c7d8]
Event: 13.249 Thread 0x00007fa81d026000 nmethod 147 0x000000010d38bfd0 code [0x000000010d38c120, 0x000000010d38c3b8]
Event: 13.296 Thread 0x00007fa81c045000  149             org.newdawn.slick.Input::getMouseY (21 bytes)
Event: 13.296 Thread 0x00007fa81d026000  150   !         org.lwjgl.input.Mouse::getY (17 bytes)
Event: 13.298 Thread 0x00007fa81c045000 nmethod 149 0x000000010d38bb50 code [0x000000010d38bca0, 0x000000010d38bf38]
Event: 13.298 Thread 0x00007fa81d026000 nmethod 150 0x000000010d34c750 code [0x000000010d34c8a0, 0x000000010d34cad8]
Event: 13.629 Thread 0x00007fa81d026000  151             java.util.HashMap$HashIterator::<init> (63 bytes)
Event: 13.635 Thread 0x00007fa81d026000 nmethod 151 0x000000010d34c310 code [0x000000010d34c460, 0x000000010d34c658]

GC Heap History (10 events):
Event: 7.826 GC heap before
{Heap before GC invocations=13 (full 0):
 def new generation   total 6528K, used 5844K [0x00000007e5a00000, 0x00000007e6110000, 0x00000007ecb50000)
  eden space 5824K, 100% used [0x00000007e5a00000, 0x00000007e5fb0000, 0x00000007e5fb0000)
  from space 704K,   2% used [0x00000007e6060000, 0x00000007e60652b0, 0x00000007e6110000)
  to   space 704K,   0% used [0x00000007e5fb0000, 0x00000007e5fb0000, 0x00000007e6060000)
 tenured generation   total 14528K, used 13328K [0x00000007ecb50000, 0x00000007ed980000, 0x00000007fae00000)
   the space 14528K,  91% used [0x00000007ecb50000, 0x00000007ed854008, 0x00000007ed854200, 0x00000007ed980000)
 compacting perm gen  total 21248K, used 13978K [0x00000007fae00000, 0x00000007fc2c0000, 0x0000000800000000)
   the space 21248K,  65% used [0x00000007fae00000, 0x00000007fbba6988, 0x00000007fbba6a00, 0x00000007fc2c0000)
No shared spaces configured.
Event: 7.828 GC heap after
Heap after GC invocations=14 (full 0):
 def new generation   total 6528K, used 42K [0x00000007e5a00000, 0x00000007e6110000, 0x00000007ecb50000)
  eden space 5824K,   0% used [0x00000007e5a00000, 0x00000007e5a00000, 0x00000007e5fb0000)
  from space 704K,   6% used [0x00000007e5fb0000, 0x00000007e5fbaaf8, 0x00000007e6060000)
  to   space 704K,   0% used [0x00000007e6060000, 0x00000007e6060000, 0x00000007e6110000)
 tenured generation   total 14528K, used 14352K [0x00000007ecb50000, 0x00000007ed980000, 0x00000007fae00000)
   the space 14528K,  98% used [0x00000007ecb50000, 0x00000007ed954018, 0x00000007ed954200, 0x00000007ed980000)
 compacting perm gen  total 21248K, used 13978K [0x00000007fae00000, 0x00000007fc2c0000, 0x0000000800000000)
   the space 21248K,  65% used [0x00000007fae00000, 0x00000007fbba6988, 0x00000007fbba6a00, 0x00000007fc2c0000)
No shared spaces configured.
}
Event: 7.860 GC heap before
{Heap before GC invocations=14 (full 0):
 def new generation   total 6528K, used 5866K [0x00000007e5a00000, 0x00000007e6110000, 0x00000007ecb50000)
  eden space 5824K, 100% used [0x00000007e5a00000, 0x00000007e5fb0000, 0x00000007e5fb0000)
  from space 704K,   6% used [0x00000007e5fb0000, 0x00000007e5fbaaf8, 0x00000007e6060000)
  to   space 704K,   0% used [0x00000007e6060000, 0x00000007e6060000, 0x00000007e6110000)
 tenured generation   total 14528K, used 14352K [0x00000007ecb50000, 0x00000007ed980000, 0x00000007fae00000)
   the space 14528K,  98% used [0x00000007ecb50000, 0x00000007ed954018, 0x00000007ed954200, 0x00000007ed980000)
 compacting perm gen  total 21248K, used 13982K [0x00000007fae00000, 0x00000007fc2c0000, 0x0000000800000000)
   the space 21248K,  65% used [0x00000007fae00000, 0x00000007fbba7b38, 0x00000007fbba7c00, 0x00000007fc2c0000)
No shared spaces configured.
Event: 7.897 GC heap after
Heap after GC invocations=15 (full 1):
 def new generation   total 6592K, used 0K [0x00000007e5a00000, 0x00000007e6120000, 0x00000007ecb50000)
  eden space 5888K,   0% used [0x00000007e5a00000, 0x00000007e5a00000, 0x00000007e5fc0000)
  from space 704K,   0% used [0x00000007e5fc0000, 0x00000007e5fc0000, 0x00000007e6070000)
  to   space 704K,   0% used [0x00000007e6070000, 0x00000007e6070000, 0x00000007e6120000)
 tenured generation   total 14528K, used 8269K [0x00000007ecb50000, 0x00000007ed980000, 0x00000007fae00000)
   the space 14528K,  56% used [0x00000007ecb50000, 0x00000007ed363770, 0x00000007ed363800, 0x00000007ed980000)
 compacting perm gen  total 21248K, used 13982K [0x00000007fae00000, 0x00000007fc2c0000, 0x0000000800000000)
   the space 21248K,  65% used [0x00000007fae00000, 0x00000007fbba7b38, 0x00000007fbba7c00, 0x00000007fc2c0000)
No shared spaces configured.
}
Event: 7.934 GC heap before
{Heap before GC invocations=15 (full 1):
 def new generation   total 6592K, used 5888K [0x00000007e5a00000, 0x00000007e6120000, 0x00000007ecb50000)
  eden space 5888K, 100% used [0x00000007e5a00000, 0x00000007e5fc0000, 0x00000007e5fc0000)
  from space 704K,   0% used [0x00000007e5fc0000, 0x00000007e5fc0000, 0x00000007e6070000)
  to   space 704K,   0% used [0x00000007e6070000, 0x00000007e6070000, 0x00000007e6120000)
 tenured generation   total 14528K, used 8269K [0x00000007ecb50000, 0x00000007ed980000, 0x00000007fae00000)
   the space 14528K,  56% used [0x00000007ecb50000, 0x00000007ed363770, 0x00000007ed363800, 0x00000007ed980000)
 compacting perm gen  total 21248K, used 13983K [0x00000007fae00000, 0x00000007fc2c0000, 0x0000000800000000)
   the space 21248K,  65% used [0x00000007fae00000, 0x00000007fbba7ee8, 0x00000007fbba8000, 0x00000007fc2c0000)
No shared spaces configured.
Event: 7.935 GC heap after
Heap after GC invocations=16 (full 1):
 def new generation   total 6592K, used 2K [0x00000007e5a00000, 0x00000007e6120000, 0x00000007ecb50000)
  eden space 5888K,   0% used [0x00000007e5a00000, 0x00000007e5a00000, 0x00000007e5fc0000)
  from space 704K,   0% used [0x00000007e6070000, 0x00000007e60709e8, 0x00000007e6120000)
  to   space 704K,   0% used [0x00000007e5fc0000, 0x00000007e5fc0000, 0x00000007e6070000)
 tenured generation   total 14528K, used 8269K [0x00000007ecb50000, 0x00000007ed980000, 0x00000007fae00000)
   the space 14528K,  56% used [0x00000007ecb50000, 0x00000007ed363770, 0x00000007ed363800, 0x00000007ed980000)
 compacting perm gen  total 21248K, used 13983K [0x00000007fae00000, 0x00000007fc2c0000, 0x0000000800000000)
   the space 21248K,  65% used [0x00000007fae00000, 0x00000007fbba7ee8, 0x00000007fbba8000, 0x00000007fc2c0000)
No shared spaces configured.
}
Event: 7.944 GC heap before
{Heap before GC invocations=16 (full 1):
 def new generation   total 6592K, used 5890K [0x00000007e5a00000, 0x00000007e6120000, 0x00000007ecb50000)
  eden space 5888K, 100% used [0x00000007e5a00000, 0x00000007e5fc0000, 0x00000007e5fc0000)
  from space 704K,   0% used [0x00000007e6070000, 0x00000007e60709e8, 0x00000007e6120000)
  to   space 704K,   0% used [0x00000007e5fc0000, 0x00000007e5fc0000, 0x00000007e6070000)
 tenured generation   total 14528K, used 8269K [0x00000007ecb50000, 0x00000007ed980000, 0x00000007fae00000)
   the space 14528K,  56% used [0x00000007ecb50000, 0x00000007ed363770, 0x00000007ed363800, 0x00000007ed980000)
 compacting perm gen  total 21248K, used 13983K [0x00000007fae00000, 0x00000007fc2c0000, 0x0000000800000000)
   the space 21248K,  65% used [0x00000007fae00000, 0x00000007fbba7ee8, 0x00000007fbba8000, 0x00000007fc2c0000)
No shared spaces configured.
Event: 7.944 GC heap after
Heap after GC invocations=17 (full 1):
 def new generation   total 6592K, used 2K [0x00000007e5a00000, 0x00000007e6120000, 0x00000007ecb50000)
  eden space 5888K,   0% used [0x00000007e5a00000, 0x00000007e5a00000, 0x00000007e5fc0000)
  from space 704K,   0% used [0x00000007e5fc0000, 0x00000007e5fc09e8, 0x00000007e6070000)
  to   space 704K,   0% used [0x00000007e6070000, 0x00000007e6070000, 0x00000007e6120000)
 tenured generation   total 14528K, used 8269K [0x00000007ecb50000, 0x00000007ed980000, 0x00000007fae00000)
   the space 14528K,  56% used [0x00000007ecb50000, 0x00000007ed363770, 0x00000007ed363800, 0x00000007ed980000)
 compacting perm gen  total 21248K, used 13983K [0x00000007fae00000, 0x00000007fc2c0000, 0x0000000800000000)
   the space 21248K,  65% used [0x00000007fae00000, 0x00000007fbba7ee8, 0x00000007fbba8000, 0x00000007fc2c0000)
No shared spaces configured.
}
Event: 11.313 GC heap before
{Heap before GC invocations=17 (full 1):
 def new generation   total 6592K, used 5890K [0x00000007e5a00000, 0x00000007e6120000, 0x00000007ecb50000)
  eden space 5888K, 100% used [0x00000007e5a00000, 0x00000007e5fc0000, 0x00000007e5fc0000)
  from space 704K,   0% used [0x00000007e5fc0000, 0x00000007e5fc09e8, 0x00000007e6070000)
  to   space 704K,   0% used [0x00000007e6070000, 0x00000007e6070000, 0x00000007e6120000)
 tenured generation   total 14528K, used 8269K [0x00000007ecb50000, 0x00000007ed980000, 0x00000007fae00000)
   the space 14528K,  56% used [0x00000007ecb50000, 0x00000007ed363770, 0x00000007ed363800, 0x00000007ed980000)
 compacting perm gen  total 21248K, used 14092K [0x00000007fae00000, 0x00000007fc2c0000, 0x0000000800000000)
   the space 21248K,  66% used [0x00000007fae00000, 0x00000007fbbc30f8, 0x00000007fbbc3200, 0x00000007fc2c0000)
No shared spaces configured.
Event: 11.317 GC heap after
Heap after GC invocations=18 (full 1):
 def new generation   total 6592K, used 704K [0x00000007e5a00000, 0x00000007e6120000, 0x00000007ecb50000)
  eden space 5888K,   0% used [0x00000007e5a00000, 0x00000007e5a00000, 0x00000007e5fc0000)
  from space 704K, 100% used [0x00000007e6070000, 0x00000007e6120000, 0x00000007e6120000)
  to   space 704K,   0% used [0x00000007e5fc0000, 0x00000007e5fc0000, 0x00000007e6070000)
 tenured generation   total 14528K, used 9183K [0x00000007ecb50000, 0x00000007ed980000, 0x00000007fae00000)
   the space 14528K,  63% used [0x00000007ecb50000, 0x00000007ed447d50, 0x00000007ed447e00, 0x00000007ed980000)
 compacting perm gen  total 21248K, used 14092K [0x00000007fae00000, 0x00000007fc2c0000, 0x0000000800000000)
   the space 21248K,  66% used [0x00000007fae00000, 0x00000007fbbc30f8, 0x00000007fbbc3200, 0x00000007fc2c0000)
No shared spaces configured.
}

Deoptimization events (8 events):
Event: 1.091 Thread 0x00007fa81d957000 Uncommon trap -34 fr.pc 0x000000010d321ecc
Event: 1.091 Thread 0x00007fa81d957000 Uncommon trap -34 fr.pc 0x000000010d321ecc
Event: 1.092 Thread 0x00007fa81d957000 Uncommon trap -34 fr.pc 0x000000010d321ecc
Event: 1.092 Thread 0x00007fa81d957000 Uncommon trap -34 fr.pc 0x000000010d321ecc
Event: 5.004 Thread 0x00007fa81c005800 Uncommon trap 33 fr.pc 0x000000010d34c37c
Event: 7.947 Thread 0x00007fa81c005800 Uncommon trap -83 fr.pc 0x000000010d356054
Event: 7.953 Thread 0x00007fa81c005800 Uncommon trap -83 fr.pc 0x000000010d359368
Event: 7.953 Thread 0x00007fa81c005800 Uncommon trap -83 fr.pc 0x000000010d36b448

Internal exceptions (10 events):
Event: 8.564 Thread 0x00007fa81c005800 Threw 0x00000007e5dc3b60 at /HUDSON/workspace/jdk7u25-2-build-macosx-amd64-product/jdk7u25/hotspot/src/share/vm/prims/jvm.cpp:1235
Event: 8.564 Thread 0x00007fa81c005800 Threw 0x00000007e5dc6b90 at /HUDSON/workspace/jdk7u25-2-build-macosx-amd64-product/jdk7u25/hotspot/src/share/vm/prims/jvm.cpp:1235
Event: 8.565 Thread 0x00007fa81c005800 Threw 0x00000007e5dc9410 at /HUDSON/workspace/jdk7u25-2-build-macosx-amd64-product/jdk7u25/hotspot/src/share/vm/prims/jvm.cpp:1235
Event: 8.566 Thread 0x00007fa81c005800 Threw 0x00000007e5dcfab0 at /HUDSON/workspace/jdk7u25-2-build-macosx-amd64-product/jdk7u25/hotspot/src/share/vm/prims/jvm.cpp:1235
Event: 8.566 Thread 0x00007fa81c005800 Threw 0x00000007e5dd40e8 at /HUDSON/workspace/jdk7u25-2-build-macosx-amd64-product/jdk7u25/hotspot/src/share/vm/prims/jvm.cpp:1235
Event: 8.567 Thread 0x00007fa81c005800 Threw 0x00000007e5dd8a80 at /HUDSON/workspace/jdk7u25-2-build-macosx-amd64-product/jdk7u25/hotspot/src/share/vm/prims/jvm.cpp:1235
Event: 8.568 Thread 0x00007fa81c005800 Threw 0x00000007e5ddd420 at /HUDSON/workspace/jdk7u25-2-build-macosx-amd64-product/jdk7u25/hotspot/src/share/vm/prims/jvm.cpp:1235
Event: 8.568 Thread 0x00007fa81c005800 Threw 0x00000007e5de1dc0 at /HUDSON/workspace/jdk7u25-2-build-macosx-amd64-product/jdk7u25/hotspot/src/share/vm/prims/jvm.cpp:1235
Event: 8.569 Thread 0x00007fa81c005800 Threw 0x00000007e5de6518 at /HUDSON/workspace/jdk7u25-2-build-macosx-amd64-product/jdk7u25/hotspot/src/share/vm/prims/jvm.cpp:1235
Event: 13.776 Thread 0x00007fa81c005800 Threw 0x00000007e5c841b8 at /HUDSON/workspace/jdk7u25-2-build-macosx-amd64-product/jdk7u25/hotspot/src/share/vm/prims/jvm.cpp:1235

Events (10 events):
Event: 11.318 Executing VM operation: RevokeBias
Event: 11.318 Executing VM operation: RevokeBias done
Event: 11.319 Executing VM operation: RevokeBias
Event: 11.319 Executing VM operation: RevokeBias done
Event: 11.319 Executing VM operation: RevokeBias
Event: 11.319 Executing VM operation: RevokeBias done
Event: 12.542 Executing VM operation: RevokeBias
Event: 12.542 Executing VM operation: RevokeBias done
Event: 13.775 loading class 0x00007fa81bc839c0
Event: 13.775 loading class 0x00007fa81bc839c0 done


Dynamic libraries:
0x000000000cfdf000 	/System/Library/Frameworks/Cocoa.framework/Versions/A/Cocoa
0x000000000cfdf000 	/System/Library/Frameworks/Security.framework/Versions/A/Security
0x000000000cfdf000 	/System/Library/Frameworks/ApplicationServices.framework/Versions/A/ApplicationServices
0x000000000cfdf000 	/usr/lib/libz.1.dylib
0x000000000cfdf000 	/usr/lib/libSystem.B.dylib
0x000000000cfdf000 	/usr/lib/libobjc.A.dylib
0x000000000cfdf000 	/System/Library/Frameworks/CoreFoundation.framework/Versions/A/CoreFoundation
0x000000000cfdf000 	/System/Library/Frameworks/AppKit.framework/Versions/C/AppKit
0x000000000cfdf000 	/System/Library/Frameworks/CoreData.framework/Versions/A/CoreData
0x000000000cfdf000 	/System/Library/Frameworks/Foundation.framework/Versions/C/Foundation
0x000000000cfdf000 	/System/Library/PrivateFrameworks/RemoteViewServices.framework/Versions/A/RemoteViewServices
0x000000000cfdf000 	/System/Library/PrivateFrameworks/UIFoundation.framework/Versions/A/UIFoundation
0x000000000cfdf000 	/System/Library/Frameworks/IOSurface.framework/Versions/A/IOSurface
0x000000000cfdf000 	/System/Library/Frameworks/AudioToolbox.framework/Versions/A/AudioToolbox
0x000000000cfdf000 	/System/Library/Frameworks/AudioUnit.framework/Versions/A/AudioUnit
0x000000000cfdf000 	/System/Library/PrivateFrameworks/DataDetectorsCore.framework/Versions/A/DataDetectorsCore
0x000000000cfdf000 	/System/Library/PrivateFrameworks/DesktopServicesPriv.framework/Versions/A/DesktopServicesPriv
0x000000000cfdf000 	/System/Library/Frameworks/Carbon.framework/Versions/A/Frameworks/HIToolbox.framework/Versions/A/HIToolbox
0x000000000cfdf000 	/System/Library/Frameworks/QuartzCore.framework/Versions/A/QuartzCore
0x000000000cfdf000 	/System/Library/Frameworks/Carbon.framework/Versions/A/Frameworks/SpeechRecognition.framework/Versions/A/SpeechRecognition
0x000000000cfdf000 	/usr/lib/libauto.dylib
0x000000000cfdf000 	/usr/lib/libicucore.A.dylib
0x000000000cfdf000 	/usr/lib/libxml2.2.dylib
0x000000000cfdf000 	/System/Library/PrivateFrameworks/CoreUI.framework/Versions/A/CoreUI
0x000000000cfdf000 	/System/Library/Frameworks/CoreAudio.framework/Versions/A/CoreAudio
0x000000000cfdf000 	/System/Library/Frameworks/DiskArbitration.framework/Versions/A/DiskArbitration
0x000000000cfdf000 	/usr/lib/liblangid.dylib
0x000000000cfdf000 	/System/Library/PrivateFrameworks/MultitouchSupport.framework/Versions/A/MultitouchSupport
0x000000000cfdf000 	/System/Library/Frameworks/IOKit.framework/Versions/A/IOKit
0x000000000cfdf000 	/usr/lib/libDiagnosticMessagesClient.dylib
0x000000000cfdf000 	/System/Library/Frameworks/CoreServices.framework/Versions/A/CoreServices
0x000000000cfdf000 	/System/Library/PrivateFrameworks/PerformanceAnalysis.framework/Versions/A/PerformanceAnalysis
0x000000000cfdf000 	/System/Library/PrivateFrameworks/GenerationalStorage.framework/Versions/A/GenerationalStorage
0x000000000cfdf000 	/System/Library/Frameworks/OpenGL.framework/Versions/A/OpenGL
0x000000000cfdf000 	/System/Library/PrivateFrameworks/Sharing.framework/Versions/A/Sharing
0x000000000cfdf000 	/System/Library/Frameworks/CoreGraphics.framework/Versions/A/CoreGraphics
0x000000000cfdf000 	/System/Library/Frameworks/CoreText.framework/Versions/A/CoreText
0x000000000cfdf000 	/System/Library/Frameworks/ImageIO.framework/Versions/A/ImageIO
0x000000000cfdf000 	/usr/lib/libextension.dylib
0x000000000cfdf000 	/System/Library/PrivateFrameworks/Backup.framework/Versions/A/Backup
0x000000000cfdf000 	/usr/lib/libarchive.2.dylib
0x000000000cfdf000 	/System/Library/Frameworks/CFNetwork.framework/Versions/A/CFNetwork
0x000000000cfdf000 	/System/Library/Frameworks/SystemConfiguration.framework/Versions/A/SystemConfiguration
0x000000000cfdf000 	/usr/lib/libCRFSuite.dylib
0x000000000cfdf000 	/usr/lib/libc++.1.dylib
0x000000000cfdf000 	/usr/lib/libc++abi.dylib
0x000000000cfdf000 	/usr/lib/system/libcache.dylib
0x000000000cfdf000 	/usr/lib/system/libcommonCrypto.dylib
0x000000000cfdf000 	/usr/lib/system/libcompiler_rt.dylib
0x000000000cfdf000 	/usr/lib/system/libcopyfile.dylib
0x000000000cfdf000 	/usr/lib/system/libcorecrypto.dylib
0x000000000cfdf000 	/usr/lib/system/libdispatch.dylib
0x000000000cfdf000 	/usr/lib/system/libdyld.dylib
0x000000000cfdf000 	/usr/lib/system/libkeymgr.dylib
0x000000000cfdf000 	/usr/lib/system/liblaunch.dylib
0x000000000cfdf000 	/usr/lib/system/libmacho.dylib
0x000000000cfdf000 	/usr/lib/system/libquarantine.dylib
0x000000000cfdf000 	/usr/lib/system/libremovefile.dylib
0x000000000cfdf000 	/usr/lib/system/libsystem_asl.dylib
0x000000000cfdf000 	/usr/lib/system/libsystem_blocks.dylib
0x000000000cfdf000 	/usr/lib/system/libsystem_c.dylib
0x000000000cfdf000 	/usr/lib/system/libsystem_configuration.dylib
0x000000000cfdf000 	/usr/lib/system/libsystem_coreservices.dylib
0x000000000cfdf000 	/usr/lib/system/libsystem_coretls.dylib
0x000000000cfdf000 	/usr/lib/system/libsystem_dnssd.dylib
0x000000000cfdf000 	/usr/lib/system/libsystem_info.dylib
0x000000000cfdf000 	/usr/lib/system/libsystem_kernel.dylib
0x000000000cfdf000 	/usr/lib/system/libsystem_m.dylib
0x000000000cfdf000 	/usr/lib/system/libsystem_malloc.dylib
0x000000000cfdf000 	/usr/lib/system/libsystem_network.dylib
0x000000000cfdf000 	/usr/lib/system/libsystem_networkextension.dylib
0x000000000cfdf000 	/usr/lib/system/libsystem_notify.dylib
0x000000000cfdf000 	/usr/lib/system/libsystem_platform.dylib
0x000000000cfdf000 	/usr/lib/system/libsystem_pthread.dylib
0x000000000cfdf000 	/usr/lib/system/libsystem_sandbox.dylib
0x000000000cfdf000 	/usr/lib/system/libsystem_secinit.dylib
0x000000000cfdf000 	/usr/lib/system/libsystem_stats.dylib
0x000000000cfdf000 	/usr/lib/system/libsystem_trace.dylib
0x000000000cfdf000 	/usr/lib/system/libunc.dylib
0x000000000cfdf000 	/usr/lib/system/libunwind.dylib
0x000000000cfdf000 	/usr/lib/system/libxpc.dylib
0x000000000cfdf000 	/usr/lib/libbz2.1.0.dylib
0x000000000cfdf000 	/usr/lib/liblzma.5.dylib
0x000000000cfdf000 	/usr/lib/libbsm.0.dylib
0x000000000cfdf000 	/usr/lib/libsqlite3.dylib
0x000000000cfdf000 	/usr/lib/system/libkxld.dylib
0x000000000cfdf000 	/usr/lib/libxar.1.dylib
0x000000000cfdf000 	/usr/lib/libpam.2.dylib
0x000000000cfdf000 	/usr/lib/libOpenScriptingUtil.dylib
0x000000000cfdf000 	/System/Library/Frameworks/CoreServices.framework/Versions/A/Frameworks/FSEvents.framework/Versions/A/FSEvents
0x000000000cfdf000 	/System/Library/Frameworks/CoreServices.framework/Versions/A/Frameworks/CarbonCore.framework/Versions/A/CarbonCore
0x000000000cfdf000 	/System/Library/Frameworks/CoreServices.framework/Versions/A/Frameworks/Metadata.framework/Versions/A/Metadata
0x000000000cfdf000 	/System/Library/Frameworks/CoreServices.framework/Versions/A/Frameworks/OSServices.framework/Versions/A/OSServices
0x000000000cfdf000 	/System/Library/Frameworks/CoreServices.framework/Versions/A/Frameworks/SearchKit.framework/Versions/A/SearchKit
0x000000000cfdf000 	/System/Library/Frameworks/CoreServices.framework/Versions/A/Frameworks/AE.framework/Versions/A/AE
0x000000000cfdf000 	/System/Library/Frameworks/CoreServices.framework/Versions/A/Frameworks/LaunchServices.framework/Versions/A/LaunchServices
0x000000000cfdf000 	/System/Library/Frameworks/CoreServices.framework/Versions/A/Frameworks/DictionaryServices.framework/Versions/A/DictionaryServices
0x000000000cfdf000 	/System/Library/Frameworks/NetFS.framework/Versions/A/NetFS
0x000000000cfdf000 	/System/Library/PrivateFrameworks/NetAuth.framework/Versions/A/NetAuth
0x000000000cfdf000 	/System/Library/PrivateFrameworks/login.framework/Versions/A/Frameworks/loginsupport.framework/Versions/A/loginsupport
0x000000000cfdf000 	/System/Library/PrivateFrameworks/TCC.framework/Versions/A/TCC
0x000000000cfdf000 	/usr/lib/libmecabra.dylib
0x000000000cfdf000 	/System/Library/PrivateFrameworks/LanguageModeling.framework/Versions/A/LanguageModeling
0x000000000cfdf000 	/usr/lib/libcmph.dylib
0x000000000cfdf000 	/usr/lib/libiconv.2.dylib
0x000000000cfdf000 	/System/Library/Frameworks/OpenDirectory.framework/Versions/A/Frameworks/CFOpenDirectory.framework/Versions/A/CFOpenDirectory
0x000000000cfdf000 	/System/Library/Frameworks/ServiceManagement.framework/Versions/A/ServiceManagement
0x000000000cfdf000 	/usr/lib/libxslt.1.dylib
0x000000000cfdf000 	/System/Library/Frameworks/Carbon.framework/Versions/A/Frameworks/Ink.framework/Versions/A/Ink
0x000000000cfdf000 	/System/Library/Frameworks/ApplicationServices.framework/Versions/A/Frameworks/ATS.framework/Versions/A/ATS
0x000000000cfdf000 	/System/Library/Frameworks/ApplicationServices.framework/Versions/A/Frameworks/ColorSync.framework/Versions/A/ColorSync
0x000000000cfdf000 	/System/Library/Frameworks/ApplicationServices.framework/Versions/A/Frameworks/HIServices.framework/Versions/A/HIServices
0x000000000cfdf000 	/System/Library/Frameworks/ApplicationServices.framework/Versions/A/Frameworks/LangAnalysis.framework/Versions/A/LangAnalysis
0x000000000cfdf000 	/System/Library/Frameworks/ApplicationServices.framework/Versions/A/Frameworks/PrintCore.framework/Versions/A/PrintCore
0x000000000cfdf000 	/System/Library/Frameworks/ApplicationServices.framework/Versions/A/Frameworks/QD.framework/Versions/A/QD
0x000000000cfdf000 	/System/Library/Frameworks/ApplicationServices.framework/Versions/A/Frameworks/SpeechSynthesis.framework/Versions/A/SpeechSynthesis
0x000000000cfdf000 	/System/Library/Frameworks/Accelerate.framework/Versions/A/Accelerate
0x000000000cfdf000 	/System/Library/Frameworks/Accelerate.framework/Versions/A/Frameworks/vImage.framework/Versions/A/vImage
0x000000000cfdf000 	/System/Library/Frameworks/Accelerate.framework/Versions/A/Frameworks/vecLib.framework/Versions/A/vecLib
0x000000000cfdf000 	/System/Library/Frameworks/Accelerate.framework/Versions/A/Frameworks/vecLib.framework/Versions/A/libvDSP.dylib
0x000000000cfdf000 	/System/Library/Frameworks/Accelerate.framework/Versions/A/Frameworks/vecLib.framework/Versions/A/libvMisc.dylib
0x000000000cfdf000 	/System/Library/Frameworks/Accelerate.framework/Versions/A/Frameworks/vecLib.framework/Versions/A/libLAPACK.dylib
0x000000000cfdf000 	/System/Library/Frameworks/Accelerate.framework/Versions/A/Frameworks/vecLib.framework/Versions/A/libBLAS.dylib
0x000000000cfdf000 	/System/Library/Frameworks/Accelerate.framework/Versions/A/Frameworks/vecLib.framework/Versions/A/libLinearAlgebra.dylib
0x000000000cfdf000 	/System/Library/Frameworks/ApplicationServices.framework/Versions/A/Frameworks/ATS.framework/Versions/A/Resources/libFontParser.dylib
0x000000000cfdf000 	/System/Library/Frameworks/ApplicationServices.framework/Versions/A/Frameworks/ATS.framework/Versions/A/Resources/libFontRegistry.dylib
0x000000000cfdf000 	/System/Library/PrivateFrameworks/AppleVPA.framework/Versions/A/AppleVPA
0x000000000cfdf000 	/System/Library/PrivateFrameworks/AppleJPEG.framework/Versions/A/AppleJPEG
0x000000000cfdf000 	/System/Library/Frameworks/ImageIO.framework/Versions/A/Resources/libJPEG.dylib
0x000000000cfdf000 	/System/Library/Frameworks/ImageIO.framework/Versions/A/Resources/libTIFF.dylib
0x000000000cfdf000 	/System/Library/Frameworks/ImageIO.framework/Versions/A/Resources/libPng.dylib
0x000000000cfdf000 	/System/Library/Frameworks/ImageIO.framework/Versions/A/Resources/libGIF.dylib
0x000000000cfdf000 	/System/Library/Frameworks/ImageIO.framework/Versions/A/Resources/libJP2.dylib
0x000000000cfdf000 	/System/Library/Frameworks/ImageIO.framework/Versions/A/Resources/libRadiance.dylib
0x000000000cfdf000 	/System/Library/Frameworks/CoreVideo.framework/Versions/A/CoreVideo
0x000000000cfdf000 	/System/Library/Frameworks/OpenGL.framework/Versions/A/Libraries/libGLU.dylib
0x000000000cfdf000 	/System/Library/Frameworks/OpenGL.framework/Versions/A/Libraries/libGFXShared.dylib
0x000000000cfdf000 	/System/Library/Frameworks/OpenGL.framework/Versions/A/Libraries/libGL.dylib
0x000000000cfdf000 	/System/Library/Frameworks/OpenGL.framework/Versions/A/Libraries/libGLImage.dylib
0x000000000cfdf000 	/System/Library/Frameworks/OpenGL.framework/Versions/A/Libraries/libCVMSPluginSupport.dylib
0x000000000cfdf000 	/System/Library/Frameworks/OpenGL.framework/Versions/A/Libraries/libCoreVMClient.dylib
0x000000000cfdf000 	/usr/lib/libcups.2.dylib
0x000000000cfdf000 	/System/Library/Frameworks/Kerberos.framework/Versions/A/Kerberos
0x000000000cfdf000 	/System/Library/Frameworks/GSS.framework/Versions/A/GSS
0x000000000cfdf000 	/usr/lib/libresolv.9.dylib
0x000000000cfdf000 	/System/Library/PrivateFrameworks/Heimdal.framework/Versions/A/Heimdal
0x000000000cfdf000 	/usr/lib/libheimdal-asn1.dylib
0x000000000cfdf000 	/System/Library/Frameworks/OpenDirectory.framework/Versions/A/OpenDirectory
0x000000000cfdf000 	/System/Library/PrivateFrameworks/CommonAuth.framework/Versions/A/CommonAuth
0x000000000cfdf000 	/System/Library/Frameworks/SecurityFoundation.framework/Versions/A/SecurityFoundation
0x000000000cfdf000 	/System/Library/Frameworks/QuartzCore.framework/Versions/A/Frameworks/CoreImage.framework/Versions/A/CoreImage
0x000000000cfdf000 	/System/Library/PrivateFrameworks/CrashReporterSupport.framework/Versions/A/CrashReporterSupport
0x000000000cfdf000 	/System/Library/Frameworks/OpenCL.framework/Versions/A/OpenCL
0x000000000cfdf000 	/System/Library/PrivateFrameworks/FaceCore.framework/Versions/A/FaceCore
0x000000000cfdf000 	/System/Library/PrivateFrameworks/Ubiquity.framework/Versions/A/Ubiquity
0x000000000cfdf000 	/System/Library/PrivateFrameworks/IconServices.framework/Versions/A/IconServices
0x000000000cfdf000 	/System/Library/PrivateFrameworks/ChunkingLibrary.framework/Versions/A/ChunkingLibrary
0x000000000cfdf000 	/System/Library/PrivateFrameworks/Apple80211.framework/Versions/A/Apple80211
0x000000000cfdf000 	/System/Library/Frameworks/CoreWLAN.framework/Versions/A/CoreWLAN
0x000000000cfdf000 	/System/Library/Frameworks/IOBluetooth.framework/Versions/A/IOBluetooth
0x000000000cfdf000 	/System/Library/PrivateFrameworks/CoreWiFi.framework/Versions/A/CoreWiFi
0x000000000cfdf000 	/System/Library/Frameworks/CoreBluetooth.framework/Versions/A/CoreBluetooth
0x000000000cfdf000 	/System/Library/PrivateFrameworks/DebugSymbols.framework/Versions/A/DebugSymbols
0x000000000cfdf000 	/System/Library/PrivateFrameworks/CoreSymbolication.framework/Versions/A/CoreSymbolication
0x000000000cfdf000 	/System/Library/PrivateFrameworks/Symbolication.framework/Versions/A/Symbolication
0x000000000cfdf000 	/System/Library/PrivateFrameworks/SpeechRecognitionCore.framework/Versions/A/SpeechRecognitionCore
0x000000010c800000 	/Library/Java/JavaVirtualMachines/jdk1.7.0_25.jdk/Contents/Home/jre/lib/server/libjvm.dylib
0x000000000cfdf000 	/usr/lib/libstdc++.6.dylib
0x000000010bf73000 	/Library/Java/JavaVirtualMachines/jdk1.7.0_25.jdk/Contents/Home/jre/lib/libverify.dylib
0x000000010bf80000 	/Library/Java/JavaVirtualMachines/jdk1.7.0_25.jdk/Contents/Home/jre/lib/libjava.dylib
0x000000010bfba000 	/Library/Java/JavaVirtualMachines/jdk1.7.0_25.jdk/Contents/Home/jre/lib/libzip.dylib
0x0000000110a3b000 	/System/Library/Frameworks/JavaVM.framework/Frameworks/JavaRuntimeSupport.framework/JavaRuntimeSupport
0x0000000110a53000 	/System/Library/Frameworks/JavaVM.framework/Versions/A/Frameworks/JavaNativeFoundation.framework/Versions/A/JavaNativeFoundation
0x000000010bfee000 	/System/Library/Frameworks/JavaVM.framework/Versions/A/JavaVM
0x000000000cfdf000 	/System/Library/Frameworks/Carbon.framework/Versions/A/Carbon
0x0000000110a68000 	/System/Library/PrivateFrameworks/JavaLaunching.framework/Versions/A/JavaLaunching
0x000000000cfdf000 	/System/Library/Frameworks/Carbon.framework/Versions/A/Frameworks/CommonPanels.framework/Versions/A/CommonPanels
0x000000000cfdf000 	/System/Library/Frameworks/Carbon.framework/Versions/A/Frameworks/Help.framework/Versions/A/Help
0x000000000cfdf000 	/System/Library/Frameworks/Carbon.framework/Versions/A/Frameworks/ImageCapture.framework/Versions/A/ImageCapture
0x000000000cfdf000 	/System/Library/Frameworks/Carbon.framework/Versions/A/Frameworks/OpenScripting.framework/Versions/A/OpenScripting
0x000000000cfdf000 	/System/Library/Frameworks/Carbon.framework/Versions/A/Frameworks/Print.framework/Versions/A/Print
0x000000000cfdf000 	/System/Library/Frameworks/Carbon.framework/Versions/A/Frameworks/SecurityHI.framework/Versions/A/SecurityHI
0x00000001127d4000 	/Library/Java/JavaVirtualMachines/jdk1.7.0_25.jdk/Contents/Home/jre/lib/libawt.dylib
0x0000000112884000 	/Library/Java/JavaVirtualMachines/jdk1.7.0_25.jdk/Contents/Home/jre/lib/./libmlib_image.dylib
0x0000000112950000 	/Library/Java/JavaVirtualMachines/jdk1.7.0_25.jdk/Contents/Home/jre/lib/lwawt/liblwawt.dylib
0x0000000112a03000 	/Library/Java/JavaVirtualMachines/jdk1.7.0_25.jdk/Contents/Home/jre/lib/libosxapp.dylib
0x000000000cfdf000 	/System/Library/Frameworks/ExceptionHandling.framework/Versions/A/ExceptionHandling
0x000000000cfdf000 	/System/Library/PrivateFrameworks/CoreServicesInternal.framework/Versions/A/CoreServicesInternal
0x000000000cfdf000 	/System/Library/PrivateFrameworks/CloudDocs.framework/Versions/A/CloudDocs
0x000000000cfdf000 	/System/Library/PrivateFrameworks/CoreDuet.framework/Versions/A/CoreDuet
0x000000000cfdf000 	/System/Library/Frameworks/CloudKit.framework/Versions/A/CloudKit
0x000000000cfdf000 	/System/Library/PrivateFrameworks/ProtocolBuffer.framework/Versions/A/ProtocolBuffer
0x000000000cfdf000 	/System/Library/PrivateFrameworks/CoreDuetDaemonProtocol.framework/Versions/A/CoreDuetDaemonProtocol
0x000000000cfdf000 	/System/Library/PrivateFrameworks/CoreDuetDebugLogging.framework/Versions/A/CoreDuetDebugLogging
0x000000000cfdf000 	/System/Library/Frameworks/CoreLocation.framework/Versions/A/CoreLocation
0x000000000cfdf000 	/System/Library/Frameworks/Accounts.framework/Versions/A/Accounts
0x000000000cfdf000 	/System/Library/PrivateFrameworks/ApplePushService.framework/Versions/A/ApplePushService
0x000000000cfdf000 	/System/Library/PrivateFrameworks/GeoServices.framework/Versions/A/GeoServices
0x000000000cfdf000 	/System/Library/PrivateFrameworks/OAuth.framework/Versions/A/OAuth
0x000000000cfdf000 	/System/Library/PrivateFrameworks/CoreDaemon.framework/Versions/B/CoreDaemon
0x000000000cfdf000 	/usr/lib/libcrypto.0.9.8.dylib
0x000000000cfdf000 	/System/Library/PrivateFrameworks/AppleSRP.framework/Versions/A/AppleSRP
0x000000000cfdf000 	/System/Library/PrivateFrameworks/TrustEvaluationAgent.framework/Versions/A/TrustEvaluationAgent
0x000000000cfdf000 	/System/Library/Frameworks/CoreGraphics.framework/Versions/A/Resources/libCGCMS.A.dylib
0x000000000cfdf000 	/System/Library/Frameworks/CoreGraphics.framework/Versions/A/Resources/libRIP.A.dylib
0x000000000cfdf000 	/System/Library/Frameworks/CoreGraphics.framework/Versions/A/Resources/libCGXType.A.dylib
0x000000000cfdf000 	/System/Library/Frameworks/OpenCL.framework/Versions/A/Libraries/libcldcpuengine.dylib
0x000000000cfdf000 	/System/Library/PrivateFrameworks/DiskImages.framework/Versions/A/DiskImages
0x000000000cfdf000 	/System/Library/Frameworks/DiscRecording.framework/Versions/A/DiscRecording
0x000000000cfdf000 	/usr/lib/libcsfde.dylib
0x000000000cfdf000 	/usr/lib/libcurl.4.dylib
0x000000000cfdf000 	/System/Library/PrivateFrameworks/MediaKit.framework/Versions/A/MediaKit
0x000000000cfdf000 	/System/Library/PrivateFrameworks/ProtectedCloudStorage.framework/Versions/A/ProtectedCloudStorage
0x000000000cfdf000 	/usr/lib/libCoreStorage.dylib
0x000000000cfdf000 	/System/Library/PrivateFrameworks/EFILogin.framework/Versions/A/EFILogin
0x000000000cfdf000 	/usr/lib/libutil.dylib
0x000000000cfdf000 	/System/Library/PrivateFrameworks/FindMyDevice.framework/Versions/A/FindMyDevice
0x000000000cfdf000 	/System/Library/Frameworks/LDAP.framework/Versions/A/LDAP
0x000000000cfdf000 	/usr/lib/libsasl2.2.dylib
0x000000011558b000 	cl_kernels
0x000000011558d000 	/System/Library/Frameworks/OpenCL.framework/Versions/A/Libraries/ImageFormats/unorm8_bgra.dylib
0x000000011557c000 	cl_kernels
0x000000000cfdf000 	/System/Library/PrivateFrameworks/FamilyControls.framework/Versions/A/FamilyControls
0x000000000cfdf000 	/System/Library/PrivateFrameworks/CommerceKit.framework/Versions/A/Frameworks/CommerceCore.framework/Versions/A/CommerceCore
0x000000000cfdf000 	/System/Library/PrivateFrameworks/SystemAdministration.framework/Versions/A/SystemAdministration
0x000000000cfdf000 	/System/Library/PrivateFrameworks/AppContainer.framework/Versions/A/AppContainer
0x000000000cfdf000 	/System/Library/PrivateFrameworks/SecCodeWrapper.framework/Versions/A/SecCodeWrapper
0x000000000cfdf000 	/System/Library/Frameworks/DirectoryService.framework/Versions/A/DirectoryService
0x000000000cfdf000 	/System/Library/PrivateFrameworks/LoginUIKit.framework/Versions/A/Frameworks/LoginUICore.framework/Versions/A/LoginUICore
0x000000000cfdf000 	/usr/lib/libodfde.dylib
0x00000001167e4000 	/Library/Java/JavaVirtualMachines/jdk1.7.0_25.jdk/Contents/Home/jre/lib/libfontmanager.dylib
0x0000000114ab2000 	/Library/Java/JavaVirtualMachines/jdk1.7.0_25.jdk/Contents/Home/jre/lib/libosxui.dylib
0x000000000cfdf000 	/System/Library/Frameworks/OpenGL.framework/Versions/A/Resources/GLEngine.bundle/GLEngine
0x000000000cfdf000 	/System/Library/Frameworks/OpenGL.framework/Versions/A/Libraries/libGLProgrammability.dylib
0x0000000000000000 	/System/Library/Extensions/AppleIntelHD4000GraphicsGLDriver.bundle/Contents/MacOS/AppleIntelHD4000GraphicsGLDriver
0x000000000cfdf000 	/System/Library/PrivateFrameworks/IOAccelerator.framework/Versions/A/IOAccelerator
0x000000000cfdf000 	/System/Library/PrivateFrameworks/GPUSupport.framework/Versions/A/Libraries/libGPUSupportMercury.dylib
0x000000000cfdf000 	/System/Library/Frameworks/OpenGL.framework/Versions/A/Resources/GLRendererFloat.bundle/GLRendererFloat
0x00000001179bf000 	/Library/Java/JavaVirtualMachines/jdk1.7.0_25.jdk/Contents/Home/jre/lib/libnet.dylib
0x0000000117a1c000 	/Library/Java/JavaVirtualMachines/jdk1.7.0_25.jdk/Contents/Home/jre/lib/libnio.dylib
0x0000000119580000 	/Library/Java/JavaVirtualMachines/jdk1.7.0_25.jdk/Contents/Home/jre/lib/libosx.dylib
0x000000000cfdf000 	/System/Library/Frameworks/Accelerate.framework/Versions/A/Frameworks/vImage.framework/Versions/A/Libraries/libCGInterfaces.dylib
0x00000001184bf000 	/Users/iBGEnt/Documents/Java Games/Rogue-Like/libs/natives/liblwjgl.jnilib
0x00000001177dc000 	/Library/Java/JavaVirtualMachines/jdk1.7.0_25.jdk/Contents/Home/jre/lib/libjawt.dylib

VM Arguments:
jvm_args: -Djava.library.path=/Users/iBGEnt/Documents/Java Games/Rogue-Like/libs/natives -Dfile.encoding=UTF-8 
java_command: com.pickens.main.Game
Launcher Type: SUN_STANDARD

Environment Variables:
PATH=/usr/bin:/bin:/usr/sbin:/sbin
SHELL=/bin/bash
DISPLAY=/private/tmp/com.apple.launchd.kj7ZnQfndO/org.macosforge.xquartz:0

Signal Handlers:
SIGSEGV: [libjvm.dylib+0x4a820f], sa_mask[0]=0xfffefeff, sa_flags=0x00000042
SIGBUS: [libjvm.dylib+0x4a820f], sa_mask[0]=0xfffefeff, sa_flags=0x00000042
SIGFPE: [libjvm.dylib+0x3b7495], sa_mask[0]=0xfffefeff, sa_flags=0x00000042
SIGPIPE: [libjvm.dylib+0x3b7495], sa_mask[0]=0xfffefeff, sa_flags=0x00000042
SIGXFSZ: [libjvm.dylib+0x3b7495], sa_mask[0]=0xfffefeff, sa_flags=0x00000042
SIGILL: [libjvm.dylib+0x3b7495], sa_mask[0]=0xfffefeff, sa_flags=0x00000042
SIGUSR1: SIG_DFL, sa_mask[0]=0x00000000, sa_flags=0x00000000
SIGUSR2: [libjvm.dylib+0x3b702e], sa_mask[0]=0x00000004, sa_flags=0x00000042
SIGHUP: [libjvm.dylib+0x3b528f], sa_mask[0]=0xfffefeff, sa_flags=0x00000042
SIGINT: [libjvm.dylib+0x3b528f], sa_mask[0]=0xfffefeff, sa_flags=0x00000042
SIGTERM: [libjvm.dylib+0x3b528f], sa_mask[0]=0xfffefeff, sa_flags=0x00000042
SIGQUIT: [libjvm.dylib+0x3b528f], sa_mask[0]=0xfffefeff, sa_flags=0x00000042


---------------  S Y S T E M  ---------------

OS:Bsduname:Darwin 14.0.0 Darwin Kernel Version 14.0.0: Fri Sep 19 00:26:44 PDT 2014; root:xnu-2782.1.97~2/RELEASE_X86_64 x86_64
rlimit: STACK 8192k, CORE 0k, NPROC 709, NOFILE 10240, AS infinity
load average:2.05 1.86 1.81

CPU:total 4 (2 cores per cpu, 2 threads per core) family 6 model 58 stepping 9, cmov, cx8, fxsr, mmx, sse, sse2, sse3, ssse3, sse4.1, sse4.2, popcnt, avx, ht, tsc, tscinvbit, tscinv

Memory: 4k page, physical 1390732k(347683k free)

/proc/meminfo:


vm_info: Java HotSpot(TM) 64-Bit Server VM (23.25-b01) for bsd-amd64 JRE (1.7.0_25-b15), built on Jun  5 2013 22:26:36 by "java_re" with gcc 4.2.1 (Based on Apple Inc. build 5658) (LLVM build 2336.11.00)

time: Sun Nov 29 17:07:42 2015
elapsed time: 14 seconds

